Performing C SOURCE FILE Test CMAKE_HAVE_LIBC_PTHREAD failed with the following output:
Change Dir: /home/slzhang/projects/spgemm/test/release/CMakeFiles/CMakeTmp

Run Build Command(s):/usr/bin/make -f Makefile cmTC_8f679/fast && /usr/bin/make  -f CMakeFiles/cmTC_8f679.dir/build.make CMakeFiles/cmTC_8f679.dir/build
make[1]: Entering directory '/home/slzhang/projects/spgemm/test/release/CMakeFiles/CMakeTmp'
Building C object CMakeFiles/cmTC_8f679.dir/src.c.o
/usr/bin/cc -DCMAKE_HAVE_LIBC_PTHREAD  -fPIC  -o CMakeFiles/cmTC_8f679.dir/src.c.o -c /home/slzhang/projects/spgemm/test/release/CMakeFiles/CMakeTmp/src.c
Linking C executable cmTC_8f679
/usr/bin/cmake -E cmake_link_script CMakeFiles/cmTC_8f679.dir/link.txt --verbose=1
/usr/bin/cc -fPIC   -fuse-ld=gold -Wl,--disable-new-dtags  CMakeFiles/cmTC_8f679.dir/src.c.o -o cmTC_8f679 
CMakeFiles/cmTC_8f679.dir/src.c.o:src.c:function main: error: undefined reference to 'pthread_create'
CMakeFiles/cmTC_8f679.dir/src.c.o:src.c:function main: error: undefined reference to 'pthread_detach'
CMakeFiles/cmTC_8f679.dir/src.c.o:src.c:function main: error: undefined reference to 'pthread_cancel'
CMakeFiles/cmTC_8f679.dir/src.c.o:src.c:function main: error: undefined reference to 'pthread_join'
collect2: error: ld returned 1 exit status
make[1]: *** [CMakeFiles/cmTC_8f679.dir/build.make:99: cmTC_8f679] Error 1
make[1]: Leaving directory '/home/slzhang/projects/spgemm/test/release/CMakeFiles/CMakeTmp'
make: *** [Makefile:127: cmTC_8f679/fast] Error 2


Source file was:
#include <pthread.h>

static void* test_func(void* data)
{
  return data;
}

int main(void)
{
  pthread_t thread;
  pthread_create(&thread, NULL, test_func, NULL);
  pthread_detach(thread);
  pthread_cancel(thread);
  pthread_join(thread, NULL);
  pthread_atfork(NULL, NULL, NULL);
  pthread_exit(NULL);

  return 0;
}

Determining if the function pthread_create exists in the pthreads failed with the following output:
Change Dir: /home/slzhang/projects/spgemm/test/release/CMakeFiles/CMakeTmp

Run Build Command(s):/usr/bin/make -f Makefile cmTC_d0dd1/fast && /usr/bin/make  -f CMakeFiles/cmTC_d0dd1.dir/build.make CMakeFiles/cmTC_d0dd1.dir/build
make[1]: Entering directory '/home/slzhang/projects/spgemm/test/release/CMakeFiles/CMakeTmp'
Building C object CMakeFiles/cmTC_d0dd1.dir/CheckFunctionExists.c.o
/usr/bin/cc   -fPIC -DCHECK_FUNCTION_EXISTS=pthread_create -o CMakeFiles/cmTC_d0dd1.dir/CheckFunctionExists.c.o -c /usr/share/cmake-3.23/Modules/CheckFunctionExists.c
Linking C executable cmTC_d0dd1
/usr/bin/cmake -E cmake_link_script CMakeFiles/cmTC_d0dd1.dir/link.txt --verbose=1
/usr/bin/cc -fPIC -DCHECK_FUNCTION_EXISTS=pthread_create  -fuse-ld=gold -Wl,--disable-new-dtags  CMakeFiles/cmTC_d0dd1.dir/CheckFunctionExists.c.o -o cmTC_d0dd1  -lpthreads 
/usr/bin/ld.gold: error: cannot find -lpthreads
CMakeFiles/cmTC_d0dd1.dir/CheckFunctionExists.c.o:CheckFunctionExists.c:function main: error: undefined reference to 'pthread_create'
collect2: error: ld returned 1 exit status
make[1]: *** [CMakeFiles/cmTC_d0dd1.dir/build.make:99: cmTC_d0dd1] Error 1
make[1]: Leaving directory '/home/slzhang/projects/spgemm/test/release/CMakeFiles/CMakeTmp'
make: *** [Makefile:127: cmTC_d0dd1/fast] Error 2



